[2025-04-30 17:07:26,789: INFO: main: welcome to info]
[2025-04-30 17:07:41,681: INFO: main: welcome to info]
[2025-05-05 17:22:23,120: INFO: comman: yaml file: config\config.yaml loaded successfully]
[2025-05-05 17:22:23,124: INFO: comman: yaml file: params.yaml loaded successfully]
[2025-05-05 17:22:23,125: INFO: comman: created directory at: artifacts]
[2025-05-05 17:22:23,127: INFO: comman: created directory at: artifacts/data_ingestion]
[2025-05-05 17:22:23,128: INFO: 986331348: Downloading data from https://drive.google.com/file/d/1vlhZ5c7abUKF8xXERIw6m9Te8fW7ohw3/view?usp=sharing into file artifacts/data_ingestion/data.zip]
[2025-05-05 17:23:04,023: INFO: 986331348: Downloaded data from https://drive.google.com/file/d/1vlhZ5c7abUKF8xXERIw6m9Te8fW7ohw3/view?usp=sharing into file artifacts/data_ingestion/data.zip]
[2025-05-05 17:54:54,244: INFO: comman: yaml file: config\config.yaml loaded successfully]
[2025-05-05 17:54:54,246: INFO: comman: yaml file: params.yaml loaded successfully]
[2025-05-05 17:54:54,247: INFO: comman: created directory at: artifacts]
[2025-05-05 17:54:54,248: INFO: comman: created directory at: artifacts/data_ingestion]
[2025-05-05 17:54:54,249: INFO: 986331348: Downloading data from https://drive.google.com/file/d/1vlhZ5c7abUKF8xXERIw6m9Te8fW7ohw3/view?usp=sharing into file artifacts/data_ingestion/data.zip]
[2025-05-05 17:55:30,969: INFO: 986331348: Downloaded data from https://drive.google.com/file/d/1vlhZ5c7abUKF8xXERIw6m9Te8fW7ohw3/view?usp=sharing into file artifacts/data_ingestion/data.zip]
[2025-05-05 18:04:38,448: INFO: main: >>>>>> stage Data Ingestion stage started <<<<<<]
[2025-05-05 18:04:38,449: INFO: comman: yaml file: config\config.yaml loaded successfully]
[2025-05-05 18:04:38,451: INFO: comman: yaml file: params.yaml loaded successfully]
[2025-05-05 18:04:38,452: INFO: comman: created directory at: artifacts]
[2025-05-05 18:04:38,452: INFO: comman: created directory at: artifacts/data_ingestion]
[2025-05-05 18:04:38,453: INFO: data_ingestion_01: Downloading data from https://drive.google.com/file/d/1vlhZ5c7abUKF8xXERIw6m9Te8fW7ohw3/view?usp=sharing into file artifacts/data_ingestion/data.zip]
[2025-05-05 18:05:03,801: INFO: data_ingestion_01: Downloaded data from https://drive.google.com/file/d/1vlhZ5c7abUKF8xXERIw6m9Te8fW7ohw3/view?usp=sharing into file artifacts/data_ingestion/data.zip]
[2025-05-05 18:05:04,305: INFO: main: >>>>>> stage Data Ingestion stage completed <<<<<<

x==========x]
[2025-05-05 18:05:49,724: INFO: main: >>>>>> stage Data Ingestion stage started <<<<<<]
[2025-05-05 18:05:49,725: INFO: comman: yaml file: config\config.yaml loaded successfully]
[2025-05-05 18:05:49,726: INFO: comman: yaml file: params.yaml loaded successfully]
[2025-05-05 18:05:49,726: INFO: comman: created directory at: artifacts]
[2025-05-05 18:05:49,727: INFO: comman: created directory at: artifacts/data_ingestion]
[2025-05-05 18:05:49,727: INFO: data_ingestion_01: Downloading data from https://drive.google.com/file/d/1vlhZ5c7abUKF8xXERIw6m9Te8fW7ohw3/view?usp=sharing into file artifacts/data_ingestion/data.zip]
[2025-05-05 18:06:14,706: INFO: data_ingestion_01: Downloaded data from https://drive.google.com/file/d/1vlhZ5c7abUKF8xXERIw6m9Te8fW7ohw3/view?usp=sharing into file artifacts/data_ingestion/data.zip]
[2025-05-05 18:06:15,063: INFO: main: >>>>>> stage Data Ingestion stage completed <<<<<<

x==========x]
[2025-05-05 18:15:57,223: INFO: comman: yaml file: config\config.yaml loaded successfully]
[2025-05-05 18:15:57,223: INFO: comman: yaml file: params.yaml loaded successfully]
[2025-05-05 18:15:57,225: INFO: comman: created directory at: artifacts]
[2025-05-05 18:15:57,225: INFO: comman: created directory at: artifacts/data_ingestion]
[2025-05-05 18:15:57,225: INFO: 986331348: Downloading data from https://drive.google.com/file/d/1vlhZ5c7abUKF8xXERIw6m9Te8fW7ohw3/view?usp=sharing into file artifacts/data_ingestion/data.zip]
[2025-05-05 18:16:58,659: INFO: 986331348: Downloaded data from https://drive.google.com/file/d/1vlhZ5c7abUKF8xXERIw6m9Te8fW7ohw3/view?usp=sharing into file artifacts/data_ingestion/data.zip]
[2025-05-05 18:17:16,722: INFO: comman: yaml file: config\config.yaml loaded successfully]
[2025-05-05 18:17:16,727: INFO: comman: yaml file: params.yaml loaded successfully]
[2025-05-05 18:17:16,729: INFO: comman: created directory at: artifacts]
[2025-05-05 18:17:16,729: INFO: comman: created directory at: artifacts/data_ingestion]
[2025-05-05 18:17:16,732: INFO: 986331348: Downloading data from https://drive.google.com/file/d/1vlhZ5c7abUKF8xXERIw6m9Te8fW7ohw3/view?usp=sharing into file artifacts/data_ingestion/data.zip]
[2025-05-05 18:18:12,194: INFO: 986331348: Downloaded data from https://drive.google.com/file/d/1vlhZ5c7abUKF8xXERIw6m9Te8fW7ohw3/view?usp=sharing into file artifacts/data_ingestion/data.zip]
[2025-05-05 18:19:56,528: INFO: main: >>>>>> stage Data Ingestion stage started <<<<<<]
[2025-05-05 18:19:56,529: INFO: comman: yaml file: config\config.yaml loaded successfully]
[2025-05-05 18:19:56,529: INFO: comman: yaml file: params.yaml loaded successfully]
[2025-05-05 18:19:56,529: INFO: comman: created directory at: artifacts]
[2025-05-05 18:19:56,531: INFO: comman: created directory at: artifacts/data_ingestion]
[2025-05-05 18:19:56,531: INFO: data_ingestion_01: Downloading data from https://drive.google.com/file/d/1vlhZ5c7abUKF8xXERIw6m9Te8fW7ohw3/view?usp=sharing into file artifacts/data_ingestion/data.zip]
[2025-05-05 18:21:20,916: INFO: data_ingestion_01: Downloaded data from https://drive.google.com/file/d/1vlhZ5c7abUKF8xXERIw6m9Te8fW7ohw3/view?usp=sharing into file artifacts/data_ingestion/data.zip]
[2025-05-05 18:21:21,493: INFO: main: >>>>>> stage Data Ingestion stage completed <<<<<<

x==========x]
[2025-05-07 14:19:42,771: INFO: comman: yaml file: config\config.yaml loaded successfully]
[2025-05-07 14:19:42,785: INFO: comman: yaml file: params.yaml loaded successfully]
[2025-05-07 14:19:42,790: INFO: comman: created directory at: artifacts]
[2025-05-07 14:19:42,792: INFO: comman: created directory at: artifacts/prepare_base_model]
[2025-05-07 14:19:43,362: WARNING: saving_api: You are saving your model as an HDF5 file via `model.save()` or `keras.saving.save_model(model)`. This file format is considered legacy. We recommend using instead the native Keras format, e.g. `model.save('my_model.keras')` or `keras.saving.save_model(model, 'my_model.keras')`. ]
[2025-05-07 14:19:43,605: WARNING: saving_api: You are saving your model as an HDF5 file via `model.save()` or `keras.saving.save_model(model)`. This file format is considered legacy. We recommend using instead the native Keras format, e.g. `model.save('my_model.keras')` or `keras.saving.save_model(model, 'my_model.keras')`. ]
[2025-05-07 14:38:30,611: INFO: main: >>>>>> stage Data Ingestion stage started <<<<<<]
[2025-05-07 14:38:30,611: INFO: comman: yaml file: config\config.yaml loaded successfully]
[2025-05-07 14:38:30,611: INFO: comman: yaml file: params.yaml loaded successfully]
[2025-05-07 14:38:30,616: INFO: comman: created directory at: artifacts]
[2025-05-07 14:38:30,627: INFO: comman: created directory at: artifacts/data_ingestion]
[2025-05-07 14:38:30,627: INFO: data_ingestion_01: Downloading data from https://drive.google.com/file/d/1vlhZ5c7abUKF8xXERIw6m9Te8fW7ohw3/view?usp=sharing into file artifacts/data_ingestion/data.zip]
[2025-05-07 14:38:54,804: INFO: data_ingestion_01: Downloaded data from https://drive.google.com/file/d/1vlhZ5c7abUKF8xXERIw6m9Te8fW7ohw3/view?usp=sharing into file artifacts/data_ingestion/data.zip]
[2025-05-07 14:38:55,505: INFO: main: >>>>>> stage Data Ingestion stage completed <<<<<<

x==========x]
[2025-05-07 14:38:55,505: INFO: main: *******************]
[2025-05-07 14:38:55,505: INFO: main: >>>>>> stage Prepare base model started <<<<<<]
[2025-05-07 14:38:55,507: INFO: comman: yaml file: config\config.yaml loaded successfully]
[2025-05-07 14:38:55,510: INFO: comman: yaml file: params.yaml loaded successfully]
[2025-05-07 14:38:55,510: INFO: comman: created directory at: artifacts]
[2025-05-07 14:38:55,512: INFO: comman: created directory at: artifacts/prepare_base_model]
[2025-05-07 14:38:55,992: WARNING: saving_api: You are saving your model as an HDF5 file via `model.save()` or `keras.saving.save_model(model)`. This file format is considered legacy. We recommend using instead the native Keras format, e.g. `model.save('my_model.keras')` or `keras.saving.save_model(model, 'my_model.keras')`. ]
[2025-05-07 14:38:56,171: WARNING: saving_api: You are saving your model as an HDF5 file via `model.save()` or `keras.saving.save_model(model)`. This file format is considered legacy. We recommend using instead the native Keras format, e.g. `model.save('my_model.keras')` or `keras.saving.save_model(model, 'my_model.keras')`. ]
[2025-05-07 14:38:56,302: INFO: main: >>>>>> stage Prepare base model completed <<<<<<

x==========x]
